<?xml version="1.0" encoding="UTF-8"?>
<!-- Generated by org.testng.reporters.JUnitReportReporter -->
<testsuite hostname="sivarajs-MacBook-Air.local" failures="0" tests="5" name="testcase.Add_organisation" time="94.368" errors="0" timestamp="2024-07-10T10:14:40 IST" skipped="0">
  <testcase classname="testcase.Add_organisation" name="add_org" time="3.292"/>
  <system-out/>
  <testcase classname="testcase.Add_organisation" name="add_organisation" time="23.270"/>
  <system-out/>
  <testcase classname="testcase.Add_organisation" name="add_organisation" time="22.624"/>
  <system-out/>
  <testcase classname="testcase.Add_organisation" name="add_organisation" time="22.560"/>
  <system-out/>
  <testcase classname="testcase.Add_organisation" name="add_organisation" time="22.622"/>
  <system-out/>
</testsuite> <!-- testcase.Add_organisation -->
