<?xml version="1.0" encoding="UTF-8"?>
<!-- Generated by org.testng.reporters.JUnitReportReporter -->
<testsuite hostname="sivarajs-MacBook-Air.local" failures="0" tests="6" name="testcase.Rule_master" time="110.277" errors="0" timestamp="2024-07-10T10:14:40 IST" skipped="0">
  <testcase classname="testcase.Rule_master" name="rule_Mas" time="4.270"/>
  <system-out/>
  <testcase classname="testcase.Rule_master" name="rule_master" time="25.961"/>
  <system-out/>
  <testcase classname="testcase.Rule_master" name="rule_master" time="14.038"/>
  <system-out/>
  <testcase classname="testcase.Rule_master" name="rule_master" time="23.668"/>
  <system-out/>
  <testcase classname="testcase.Rule_master" name="rule_master" time="28.320"/>
  <system-out/>
  <testcase classname="testcase.Rule_master" name="rule_master" time="14.020"/>
  <system-out/>
</testsuite> <!-- testcase.Rule_master -->
