<?xml version="1.0" encoding="UTF-8"?>
<!-- Generated by org.testng.reporters.JUnitReportReporter -->
<testsuite hostname="sivarajs-MacBook-Air.local" failures="0" tests="1" name="testcase.Manual_uploading" time="27.865" errors="0" timestamp="2024-07-10T10:14:40 IST" skipped="0">
  <testcase classname="testcase.Manual_uploading" name="manual_Uploading" time="27.865"/>
  <system-out/>
</testsuite> <!-- testcase.Manual_uploading -->
