<?xml version="1.0" encoding="UTF-8"?>
<!-- Generated by org.testng.reporters.JUnitReportReporter -->
<testsuite hostname="sivarajs-MacBook-Air.local" failures="0" tests="1" name="testcase.Miscellaneous_Payment_Request" time="14.155" errors="0" timestamp="2024-06-24T17:17:15 IST" skipped="0">
  <testcase classname="testcase.Miscellaneous_Payment_Request" name="miscellaneousRequest" time="14.155"/>
  <system-out/>
</testsuite> <!-- testcase.Miscellaneous_Payment_Request -->
