<?xml version="1.0" encoding="UTF-8"?>
<!-- Generated by org.testng.reporters.JUnitReportReporter -->
<testsuite hostname="sivarajs-MacBook-Air.local" failures="0" tests="1" name="testcase.Accrual_AutomationConfig" time="44.266" errors="0" timestamp="2024-07-10T10:52:00 IST" skipped="0">
  <testcase classname="testcase.Accrual_AutomationConfig" name="accrualautomationConfig" time="44.266"/>
  <system-out/>
</testsuite> <!-- testcase.Accrual_AutomationConfig -->
