<?xml version="1.0" encoding="UTF-8"?>
<!-- Generated by org.testng.reporters.JUnitReportReporter -->
<testsuite hostname="sivarajs-MacBook-Air.local" failures="0" tests="1" name="testcase.Priority_Configuration" time="11.417" errors="0" timestamp="2024-07-10T10:14:40 IST" skipped="0">
  <testcase classname="testcase.Priority_Configuration" name="priorityConfig" time="11.417"/>
  <system-out/>
</testsuite> <!-- testcase.Priority_Configuration -->
