<?xml version="1.0" encoding="UTF-8"?>
<!-- Generated by org.testng.reporters.JUnitReportReporter -->
<testsuite hostname="sivarajs-MacBook-Air.local" failures="0" tests="6" name="testcase.Role_Creation" time="55.500" errors="0" timestamp="2024-07-10T10:14:40 IST" skipped="0">
  <testcase classname="testcase.Role_Creation" name="role_creation" time="1.278"/>
  <system-out/>
  <testcase classname="testcase.Role_Creation" name="roleCreation" time="11.392"/>
  <system-out/>
  <testcase classname="testcase.Role_Creation" name="roleCreation" time="10.933"/>
  <system-out/>
  <testcase classname="testcase.Role_Creation" name="roleCreation" time="10.688"/>
  <system-out/>
  <testcase classname="testcase.Role_Creation" name="roleCreation" time="11.420"/>
  <system-out/>
  <testcase classname="testcase.Role_Creation" name="roleCreation" time="9.789"/>
  <system-out/>
</testsuite> <!-- testcase.Role_Creation -->
