<?xml version="1.0" encoding="UTF-8"?>
<!-- Generated by org.testng.reporters.JUnitReportReporter -->
<testsuite hostname="sivarajs-MacBook-Air.local" failures="0" tests="4" name="testcase.Profile_page" time="16.719" errors="0" timestamp="2024-07-10T10:14:40 IST" skipped="0">
  <testcase classname="testcase.Profile_page" name="settingsProfile" time="1.193"/>
  <system-out/>
  <testcase classname="testcase.Profile_page" name="profilePage" time="6.141"/>
  <system-out/>
  <testcase classname="testcase.Profile_page" name="profilePage" time="5.198"/>
  <system-out/>
  <testcase classname="testcase.Profile_page" name="password" time="4.187"/>
  <system-out/>
</testsuite> <!-- testcase.Profile_page -->
