<?xml version="1.0" encoding="UTF-8"?>
<!-- Generated by org.testng.reporters.JUnitReportReporter -->
<testsuite hostname="sivarajs-MacBook-Air.local" failures="0" tests="1" name="testcase.Invoice_List" time="49.198" errors="0" timestamp="2024-07-10T10:50:47 IST" skipped="0">
  <testcase classname="testcase.Invoice_List" name="Invoicelist" time="49.198"/>
  <system-out/>
</testsuite> <!-- testcase.Invoice_List -->
