<?xml version="1.0" encoding="UTF-8"?>
<!-- Generated by org.testng.reporters.JUnitReportReporter -->
<testsuite hostname="sivarajs-MacBook-Air.local" failures="0" tests="1" name="testcase.Month_Closing" time="23.286" errors="0" timestamp="2024-07-10T10:52:36 IST" skipped="0">
  <testcase classname="testcase.Month_Closing" name="monthclosing" time="23.286"/>
  <system-out/>
</testsuite> <!-- testcase.Month_Closing -->
