<?xml version="1.0" encoding="UTF-8"?>
<!-- Generated by org.testng.reporters.JUnitReportReporter -->
<testsuite hostname="sivarajs-MacBook-Air.local" failures="0" tests="4" name="testcase.Add_users" time="38.609" errors="0" timestamp="2024-07-10T10:14:40 IST" skipped="0">
  <testcase classname="testcase.Add_users" name="add_newUsers" time="7.275"/>
  <system-out/>
  <testcase classname="testcase.Add_users" name="addNewUser" time="10.441"/>
  <system-out/>
  <testcase classname="testcase.Add_users" name="addNewUser" time="10.435"/>
  <system-out/>
  <testcase classname="testcase.Add_users" name="addNewUser" time="10.458"/>
  <system-out/>
</testsuite> <!-- testcase.Add_users -->
