<?xml version="1.0" encoding="UTF-8"?>
<!-- Generated by org.testng.reporters.JUnitReportReporter -->
<testsuite hostname="sivarajs-MacBook-Air.local" failures="0" tests="1" name="testcase.Id_Configuration" time="23.078" errors="0" timestamp="2024-07-10T10:14:40 IST" skipped="0">
  <testcase classname="testcase.Id_Configuration" name="idConfig" time="23.078"/>
  <system-out/>
</testsuite> <!-- testcase.Id_Configuration -->
