<?xml version="1.0" encoding="UTF-8"?>
<!-- Generated by org.testng.reporters.JUnitReportReporter -->
<testsuite hostname="sivarajs-MacBook-Air.local" failures="0" tests="1" name="testcase.Invoice_Layout" time="16.099" errors="0" timestamp="2024-06-26T16:14:53 IST" skipped="0">
  <testcase classname="testcase.Invoice_Layout" name="invoiceLayout" time="16.099"/>
  <system-out/>
</testsuite> <!-- testcase.Invoice_Layout -->
