<?xml version="1.0" encoding="UTF-8"?>
<!-- Generated by org.testng.reporters.JUnitReportReporter -->
<testsuite hostname="sivarajs-MacBook-Air.local" failures="0" tests="1" name="testcase.Document_typeSetup" time="16.817" errors="0" timestamp="2024-07-10T10:14:40 IST" skipped="0">
  <testcase classname="testcase.Document_typeSetup" name="docsetUP" time="16.817"/>
  <system-out/>
</testsuite> <!-- testcase.Document_typeSetup -->
