<?xml version="1.0" encoding="UTF-8"?>
<!-- Generated by org.testng.reporters.JUnitReportReporter -->
<testsuite hostname="sivarajs-air" failures="0" tests="1" name="testcase.BearerTokenAuth" time="18.015" errors="0" timestamp="2023-05-12T16:01:38 IST" skipped="0">
  <testcase classname="testcase.BearerTokenAuth" name="authToken" time="18.015"/>
  <system-out/>
</testsuite> <!-- testcase.BearerTokenAuth -->
