<?xml version="1.0" encoding="UTF-8"?>
<!-- Generated by org.testng.reporters.JUnitReportReporter -->
<testsuite hostname="sivarajs-MacBook-Air.local" failures="0" tests="1" name="testcase.Remove_Demo_data" time="11.433" errors="0" timestamp="2024-07-10T10:14:40 IST" skipped="0">
  <testcase classname="testcase.Remove_Demo_data" name="removeDemoData" time="11.433"/>
  <system-out/>
</testsuite> <!-- testcase.Remove_Demo_data -->
